Build started 10/18/2024 4:07:38 PM

Skipping C:/dev/Legends/src/cs/Legends.App/Content/Fonts/Arial.spritefont
Skipping C:/dev/Legends/src/cs/Legends.App/Content/Maps/GenerateWorldBehavior.cs
Skipping C:/dev/Legends/src/cs/Legends.App/Content/Maps/Village.json
Skipping C:/dev/Legends/src/cs/Legends.App/Content/Maps/ville_0.png
Skipping C:/dev/Legends/src/cs/Legends.App/Content/Maps/WorldMap.json
Skipping C:/dev/Legends/src/cs/Legends.App/Content/Scripts/AutoGenerateMapBehavior.cs
Skipping C:/dev/Legends/src/cs/Legends.App/Content/Scripts/CameraControlsBehavior.cs
Skipping C:/dev/Legends/src/cs/Legends.App/Content/Scripts/ChildControlsBehavior.cs
Skipping C:/dev/Legends/src/cs/Legends.App/Content/Scripts/RandomMovementBehavior.cs
Skipping C:/dev/Legends/src/cs/Legends.App/Content/Scripts/SetSpriteFrameBehavior.cs
Skipping C:/dev/Legends/src/cs/Legends.App/Content/Sprites/Actor.json
Skipping C:/dev/Legends/src/cs/Legends.App/Content/Sprites/ActorControlBehavior.cs
Skipping C:/dev/Legends/src/cs/Legends.App/Content/Sprites/desert.png
Skipping C:/dev/Legends/src/cs/Legends.App/Content/Sprites/Fence.json
Skipping C:/dev/Legends/src/cs/Legends.App/Content/Sprites/NonActor.json
Skipping C:/dev/Legends/src/cs/Legends.App/Content/Sprites/npc1.png
Skipping C:/dev/Legends/src/cs/Legends.App/Content/Sprites/Plot.json
Skipping C:/dev/Legends/src/cs/Legends.App/Content/Maps/World/map.json
Skipping C:/dev/Legends/src/cs/Legends.App/Content/Maps/World/map2.json
Skipping C:/dev/Legends/src/cs/Legends.App/Content/Maps/World/water.png
Skipping C:/dev/Legends/src/cs/Legends.App/Content/Maps/World/water2.png
Skipping C:/dev/Legends/src/cs/Legends.App/Content/Maps/World/world.png
Skipping C:/dev/Legends/src/cs/Legends.App/Content/Scenes/HUD/HudScene.json
Skipping C:/dev/Legends/src/cs/Legends.App/Content/Scenes/TitleScreen/Animations.json
Skipping C:/dev/Legends/src/cs/Legends.App/Content/Scenes/TitleScreen/Interface.json
Skipping C:/dev/Legends/src/cs/Legends.App/Content/Scenes/TitleScreen/LaunchGameBehavior.cs

Build 26 succeeded, 0 failed.

Time elapsed 00:00:00.05.

